Copyright 1986-2018 Xilinx, Inc. All Rights Reserved.
-----------------------------------------------------------------------------------------------------------------------------------------------------------------------------------------------------
| Tool Version : Vivado v.2018.2 (win64) Build 2258646 Thu Jun 14 20:03:12 MDT 2018
| Date         : Mon Jun  8 22:07:56 2026
| Host         : DESKTOP-I9EHUIA running 64-bit major release  (build 9200)
| Command      : report_timing_summary -max_paths 10 -file alarme_top_timing_summary_routed.rpt -pb alarme_top_timing_summary_routed.pb -rpx alarme_top_timing_summary_routed.rpx -warn_on_violation
| Design       : alarme_top
| Device       : 7a35t-cpg236
| Speed File   : -1  PRODUCTION 1.22 2018-03-21
-----------------------------------------------------------------------------------------------------------------------------------------------------------------------------------------------------

Timing Summary Report

------------------------------------------------------------------------------------------------
| Timer Settings
| --------------
------------------------------------------------------------------------------------------------

  Enable Multi Corner Analysis               :  Yes
  Enable Pessimism Removal                   :  Yes
  Pessimism Removal Resolution               :  Nearest Common Node
  Enable Input Delay Default Clock           :  No
  Enable Preset / Clear Arcs                 :  No
  Disable Flight Delays                      :  No
  Ignore I/O Paths                           :  No
  Timing Early Launch at Borrowing Latches   :  false

  Corner  Analyze    Analyze    
  Name    Max Paths  Min Paths  
  ------  ---------  ---------  
  Slow    Yes        Yes        
  Fast    Yes        Yes        



check_timing report

Table of Contents
-----------------
1. checking no_clock
2. checking constant_clock
3. checking pulse_width_clock
4. checking unconstrained_internal_endpoints
5. checking no_input_delay
6. checking no_output_delay
7. checking multiple_clock
8. checking generated_clocks
9. checking loops
10. checking partial_input_delay
11. checking partial_output_delay
12. checking latch_loops

1. checking no_clock
--------------------
 There are 0 register/latch pins with no clock.


2. checking constant_clock
--------------------------
 There are 0 register/latch pins with constant_clock.


3. checking pulse_width_clock
-----------------------------
 There are 0 register/latch pins which need pulse_width check


4. checking unconstrained_internal_endpoints
--------------------------------------------
 There are 0 pins that are not constrained for maximum delay.

 There are 0 pins that are not constrained for maximum delay due to constant clock.


5. checking no_input_delay
--------------------------
 There are 7 input ports with no input delay specified. (HIGH)

 There are 0 input ports with no input delay but user has a false path constraint.


6. checking no_output_delay
---------------------------
 There are 17 ports with no output delay specified. (HIGH)

 There are 0 ports with no output delay but user has a false path constraint

 There are 0 ports with no output delay but with a timing clock defined on it or propagating through it


7. checking multiple_clock
--------------------------
 There are 0 register/latch pins with multiple clocks.


8. checking generated_clocks
----------------------------
 There are 0 generated clocks that are not connected to a clock source.


9. checking loops
-----------------
 There are 0 combinational loops in the design.


10. checking partial_input_delay
--------------------------------
 There are 0 input ports with partial input delay specified.


11. checking partial_output_delay
---------------------------------
 There are 0 ports with partial output delay specified.


12. checking latch_loops
------------------------
 There are 0 combinational latch loops in the design through latch input



------------------------------------------------------------------------------------------------
| Design Timing Summary
| ---------------------
------------------------------------------------------------------------------------------------

    WNS(ns)      TNS(ns)  TNS Failing Endpoints  TNS Total Endpoints      WHS(ns)      THS(ns)  THS Failing Endpoints  THS Total Endpoints     WPWS(ns)     TPWS(ns)  TPWS Failing Endpoints  TPWS Total Endpoints  
    -------      -------  ---------------------  -------------------      -------      -------  ---------------------  -------------------     --------     --------  ----------------------  --------------------  
      7.398        0.000                      0                   13        0.271        0.000                      0                   13        4.500        0.000                       0                     9  


All user specified timing constraints are met.


------------------------------------------------------------------------------------------------
| Clock Summary
| -------------
------------------------------------------------------------------------------------------------

Clock        Waveform(ns)       Period(ns)      Frequency(MHz)
-----        ------------       ----------      --------------
sys_clk_pin  {0.000 5.000}      10.000          100.000         


------------------------------------------------------------------------------------------------
| Intra Clock Table
| -----------------
------------------------------------------------------------------------------------------------

Clock             WNS(ns)      TNS(ns)  TNS Failing Endpoints  TNS Total Endpoints      WHS(ns)      THS(ns)  THS Failing Endpoints  THS Total Endpoints     WPWS(ns)     TPWS(ns)  TPWS Failing Endpoints  TPWS Total Endpoints  
-----             -------      -------  ---------------------  -------------------      -------      -------  ---------------------  -------------------     --------     --------  ----------------------  --------------------  
sys_clk_pin         7.398        0.000                      0                   13        0.271        0.000                      0                   13        4.500        0.000                       0                     9  


------------------------------------------------------------------------------------------------
| Inter Clock Table
| -----------------
------------------------------------------------------------------------------------------------

From Clock    To Clock          WNS(ns)      TNS(ns)  TNS Failing Endpoints  TNS Total Endpoints      WHS(ns)      THS(ns)  THS Failing Endpoints  THS Total Endpoints  
----------    --------          -------      -------  ---------------------  -------------------      -------      -------  ---------------------  -------------------  


------------------------------------------------------------------------------------------------
| Other Path Groups Table
| -----------------------
------------------------------------------------------------------------------------------------

Path Group    From Clock    To Clock          WNS(ns)      TNS(ns)  TNS Failing Endpoints  TNS Total Endpoints      WHS(ns)      THS(ns)  THS Failing Endpoints  THS Total Endpoints  
----------    ----------    --------          -------      -------  ---------------------  -------------------      -------      -------  ---------------------  -------------------  


------------------------------------------------------------------------------------------------
| Timing Details
| --------------
------------------------------------------------------------------------------------------------


---------------------------------------------------------------------------------------------------
From Clock:  sys_clk_pin
  To Clock:  sys_clk_pin

Setup :            0  Failing Endpoints,  Worst Slack        7.398ns,  Total Violation        0.000ns
Hold  :            0  Failing Endpoints,  Worst Slack        0.271ns,  Total Violation        0.000ns
PW    :            0  Failing Endpoints,  Worst Slack        4.500ns,  Total Violation        0.000ns
---------------------------------------------------------------------------------------------------


Max Delay Paths
--------------------------------------------------------------------------------------
Slack (MET) :             7.398ns  (required time - arrival time)
  Source:                 FSM_onehot_estado_atual_reg[2]/C
                            (rising edge-triggered cell FDCE clocked by sys_clk_pin  {rise@0.000ns fall@5.000ns period=10.000ns})
  Destination:            zona_memoria_reg[1]/CE
                            (rising edge-triggered cell FDCE clocked by sys_clk_pin  {rise@0.000ns fall@5.000ns period=10.000ns})
  Path Group:             sys_clk_pin
  Path Type:              Setup (Max at Slow Process Corner)
  Requirement:            10.000ns  (sys_clk_pin rise@10.000ns - sys_clk_pin rise@0.000ns)
  Data Path Delay:        2.322ns  (logic 0.580ns (24.976%)  route 1.742ns (75.024%))
  Logic Levels:           1  (LUT5=1)
  Clock Path Skew:        -0.039ns (DCD - SCD + CPR)
    Destination Clock Delay (DCD):    4.852ns = ( 14.852 - 10.000 ) 
    Source Clock Delay      (SCD):    5.151ns
    Clock Pessimism Removal (CPR):    0.260ns
  Clock Uncertainty:      0.035ns  ((TSJ^2 + TIJ^2)^1/2 + DJ) / 2 + PE
    Total System Jitter     (TSJ):    0.071ns
    Total Input Jitter      (TIJ):    0.000ns
    Discrete Jitter          (DJ):    0.000ns
    Phase Error              (PE):    0.000ns

    Location             Delay type                Incr(ns)  Path(ns)    Netlist Resource(s)
  -------------------------------------------------------------------    -------------------
                         (clock sys_clk_pin rise edge)
                                                      0.000     0.000 r  
    W5                                                0.000     0.000 r  clk (IN)
                         net (fo=0)                   0.000     0.000    clk
    W5                   IBUF (Prop_ibuf_I_O)         1.458     1.458 r  clk_IBUF_inst/O
                         net (fo=1, routed)           1.967     3.425    clk_IBUF
    BUFGCTRL_X0Y0        BUFG (Prop_bufg_I_O)         0.096     3.521 r  clk_IBUF_BUFG_inst/O
                         net (fo=8, routed)           1.630     5.151    clk_IBUF_BUFG
    SLICE_X62Y16         FDCE                                         r  FSM_onehot_estado_atual_reg[2]/C
  -------------------------------------------------------------------    -------------------
    SLICE_X62Y16         FDCE (Prop_fdce_C_Q)         0.456     5.607 r  FSM_onehot_estado_atual_reg[2]/Q
                         net (fo=18, routed)          1.113     6.721    display_OBUF[6]
    SLICE_X62Y16         LUT5 (Prop_lut5_I1_O)        0.124     6.845 r  zona_memoria[4]_i_1/O
                         net (fo=5, routed)           0.629     7.473    zona_memoria
    SLICE_X61Y16         FDCE                                         r  zona_memoria_reg[1]/CE
  -------------------------------------------------------------------    -------------------

                         (clock sys_clk_pin rise edge)
                                                     10.000    10.000 r  
    W5                                                0.000    10.000 r  clk (IN)
                         net (fo=0)                   0.000    10.000    clk
    W5                   IBUF (Prop_ibuf_I_O)         1.388    11.388 r  clk_IBUF_inst/O
                         net (fo=1, routed)           1.862    13.250    clk_IBUF
    BUFGCTRL_X0Y0        BUFG (Prop_bufg_I_O)         0.091    13.341 r  clk_IBUF_BUFG_inst/O
                         net (fo=8, routed)           1.511    14.852    clk_IBUF_BUFG
    SLICE_X61Y16         FDCE                                         r  zona_memoria_reg[1]/C
                         clock pessimism              0.260    15.112    
                         clock uncertainty           -0.035    15.077    
    SLICE_X61Y16         FDCE (Setup_fdce_C_CE)      -0.205    14.872    zona_memoria_reg[1]
  -------------------------------------------------------------------
                         required time                         14.872    
                         arrival time                          -7.473    
  -------------------------------------------------------------------
                         slack                                  7.398    

Slack (MET) :             7.398ns  (required time - arrival time)
  Source:                 FSM_onehot_estado_atual_reg[2]/C
                            (rising edge-triggered cell FDCE clocked by sys_clk_pin  {rise@0.000ns fall@5.000ns period=10.000ns})
  Destination:            zona_memoria_reg[2]/CE
                            (rising edge-triggered cell FDCE clocked by sys_clk_pin  {rise@0.000ns fall@5.000ns period=10.000ns})
  Path Group:             sys_clk_pin
  Path Type:              Setup (Max at Slow Process Corner)
  Requirement:            10.000ns  (sys_clk_pin rise@10.000ns - sys_clk_pin rise@0.000ns)
  Data Path Delay:        2.322ns  (logic 0.580ns (24.976%)  route 1.742ns (75.024%))
  Logic Levels:           1  (LUT5=1)
  Clock Path Skew:        -0.039ns (DCD - SCD + CPR)
    Destination Clock Delay (DCD):    4.852ns = ( 14.852 - 10.000 ) 
    Source Clock Delay      (SCD):    5.151ns
    Clock Pessimism Removal (CPR):    0.260ns
  Clock Uncertainty:      0.035ns  ((TSJ^2 + TIJ^2)^1/2 + DJ) / 2 + PE
    Total System Jitter     (TSJ):    0.071ns
    Total Input Jitter      (TIJ):    0.000ns
    Discrete Jitter          (DJ):    0.000ns
    Phase Error              (PE):    0.000ns

    Location             Delay type                Incr(ns)  Path(ns)    Netlist Resource(s)
  -------------------------------------------------------------------    -------------------
                         (clock sys_clk_pin rise edge)
                                                      0.000     0.000 r  
    W5                                                0.000     0.000 r  clk (IN)
                         net (fo=0)                   0.000     0.000    clk
    W5                   IBUF (Prop_ibuf_I_O)         1.458     1.458 r  clk_IBUF_inst/O
                         net (fo=1, routed)           1.967     3.425    clk_IBUF
    BUFGCTRL_X0Y0        BUFG (Prop_bufg_I_O)         0.096     3.521 r  clk_IBUF_BUFG_inst/O
                         net (fo=8, routed)           1.630     5.151    clk_IBUF_BUFG
    SLICE_X62Y16         FDCE                                         r  FSM_onehot_estado_atual_reg[2]/C
  -------------------------------------------------------------------    -------------------
    SLICE_X62Y16         FDCE (Prop_fdce_C_Q)         0.456     5.607 r  FSM_onehot_estado_atual_reg[2]/Q
                         net (fo=18, routed)          1.113     6.721    display_OBUF[6]
    SLICE_X62Y16         LUT5 (Prop_lut5_I1_O)        0.124     6.845 r  zona_memoria[4]_i_1/O
                         net (fo=5, routed)           0.629     7.473    zona_memoria
    SLICE_X61Y16         FDCE                                         r  zona_memoria_reg[2]/CE
  -------------------------------------------------------------------    -------------------

                         (clock sys_clk_pin rise edge)
                                                     10.000    10.000 r  
    W5                                                0.000    10.000 r  clk (IN)
                         net (fo=0)                   0.000    10.000    clk
    W5                   IBUF (Prop_ibuf_I_O)         1.388    11.388 r  clk_IBUF_inst/O
                         net (fo=1, routed)           1.862    13.250    clk_IBUF
    BUFGCTRL_X0Y0        BUFG (Prop_bufg_I_O)         0.091    13.341 r  clk_IBUF_BUFG_inst/O
                         net (fo=8, routed)           1.511    14.852    clk_IBUF_BUFG
    SLICE_X61Y16         FDCE                                         r  zona_memoria_reg[2]/C
                         clock pessimism              0.260    15.112    
                         clock uncertainty           -0.035    15.077    
    SLICE_X61Y16         FDCE (Setup_fdce_C_CE)      -0.205    14.872    zona_memoria_reg[2]
  -------------------------------------------------------------------
                         required time                         14.872    
                         arrival time                          -7.473    
  -------------------------------------------------------------------
                         slack                                  7.398    

Slack (MET) :             7.560ns  (required time - arrival time)
  Source:                 FSM_onehot_estado_atual_reg[2]/C
                            (rising edge-triggered cell FDCE clocked by sys_clk_pin  {rise@0.000ns fall@5.000ns period=10.000ns})
  Destination:            zona_memoria_reg[0]/CE
                            (rising edge-triggered cell FDCE clocked by sys_clk_pin  {rise@0.000ns fall@5.000ns period=10.000ns})
  Path Group:             sys_clk_pin
  Path Type:              Setup (Max at Slow Process Corner)
  Requirement:            10.000ns  (sys_clk_pin rise@10.000ns - sys_clk_pin rise@0.000ns)
  Data Path Delay:        2.177ns  (logic 0.580ns (26.641%)  route 1.597ns (73.359%))
  Logic Levels:           1  (LUT5=1)
  Clock Path Skew:        -0.023ns (DCD - SCD + CPR)
    Destination Clock Delay (DCD):    4.854ns = ( 14.854 - 10.000 ) 
    Source Clock Delay      (SCD):    5.151ns
    Clock Pessimism Removal (CPR):    0.274ns
  Clock Uncertainty:      0.035ns  ((TSJ^2 + TIJ^2)^1/2 + DJ) / 2 + PE
    Total System Jitter     (TSJ):    0.071ns
    Total Input Jitter      (TIJ):    0.000ns
    Discrete Jitter          (DJ):    0.000ns
    Phase Error              (PE):    0.000ns

    Location             Delay type                Incr(ns)  Path(ns)    Netlist Resource(s)
  -------------------------------------------------------------------    -------------------
                         (clock sys_clk_pin rise edge)
                                                      0.000     0.000 r  
    W5                                                0.000     0.000 r  clk (IN)
                         net (fo=0)                   0.000     0.000    clk
    W5                   IBUF (Prop_ibuf_I_O)         1.458     1.458 r  clk_IBUF_inst/O
                         net (fo=1, routed)           1.967     3.425    clk_IBUF
    BUFGCTRL_X0Y0        BUFG (Prop_bufg_I_O)         0.096     3.521 r  clk_IBUF_BUFG_inst/O
                         net (fo=8, routed)           1.630     5.151    clk_IBUF_BUFG
    SLICE_X62Y16         FDCE                                         r  FSM_onehot_estado_atual_reg[2]/C
  -------------------------------------------------------------------    -------------------
    SLICE_X62Y16         FDCE (Prop_fdce_C_Q)         0.456     5.607 r  FSM_onehot_estado_atual_reg[2]/Q
                         net (fo=18, routed)          1.113     6.721    display_OBUF[6]
    SLICE_X62Y16         LUT5 (Prop_lut5_I1_O)        0.124     6.845 r  zona_memoria[4]_i_1/O
                         net (fo=5, routed)           0.484     7.328    zona_memoria
    SLICE_X62Y15         FDCE                                         r  zona_memoria_reg[0]/CE
  -------------------------------------------------------------------    -------------------

                         (clock sys_clk_pin rise edge)
                                                     10.000    10.000 r  
    W5                                                0.000    10.000 r  clk (IN)
                         net (fo=0)                   0.000    10.000    clk
    W5                   IBUF (Prop_ibuf_I_O)         1.388    11.388 r  clk_IBUF_inst/O
                         net (fo=1, routed)           1.862    13.250    clk_IBUF
    BUFGCTRL_X0Y0        BUFG (Prop_bufg_I_O)         0.091    13.341 r  clk_IBUF_BUFG_inst/O
                         net (fo=8, routed)           1.513    14.854    clk_IBUF_BUFG
    SLICE_X62Y15         FDCE                                         r  zona_memoria_reg[0]/C
                         clock pessimism              0.274    15.128    
                         clock uncertainty           -0.035    15.093    
    SLICE_X62Y15         FDCE (Setup_fdce_C_CE)      -0.205    14.888    zona_memoria_reg[0]
  -------------------------------------------------------------------
                         required time                         14.888    
                         arrival time                          -7.328    
  -------------------------------------------------------------------
                         slack                                  7.560    

Slack (MET) :             7.560ns  (required time - arrival time)
  Source:                 FSM_onehot_estado_atual_reg[2]/C
                            (rising edge-triggered cell FDCE clocked by sys_clk_pin  {rise@0.000ns fall@5.000ns period=10.000ns})
  Destination:            zona_memoria_reg[3]/CE
                            (rising edge-triggered cell FDCE clocked by sys_clk_pin  {rise@0.000ns fall@5.000ns period=10.000ns})
  Path Group:             sys_clk_pin
  Path Type:              Setup (Max at Slow Process Corner)
  Requirement:            10.000ns  (sys_clk_pin rise@10.000ns - sys_clk_pin rise@0.000ns)
  Data Path Delay:        2.177ns  (logic 0.580ns (26.641%)  route 1.597ns (73.359%))
  Logic Levels:           1  (LUT5=1)
  Clock Path Skew:        -0.023ns (DCD - SCD + CPR)
    Destination Clock Delay (DCD):    4.854ns = ( 14.854 - 10.000 ) 
    Source Clock Delay      (SCD):    5.151ns
    Clock Pessimism Removal (CPR):    0.274ns
  Clock Uncertainty:      0.035ns  ((TSJ^2 + TIJ^2)^1/2 + DJ) / 2 + PE
    Total System Jitter     (TSJ):    0.071ns
    Total Input Jitter      (TIJ):    0.000ns
    Discrete Jitter          (DJ):    0.000ns
    Phase Error              (PE):    0.000ns

    Location             Delay type                Incr(ns)  Path(ns)    Netlist Resource(s)
  -------------------------------------------------------------------    -------------------
                         (clock sys_clk_pin rise edge)
                                                      0.000     0.000 r  
    W5                                                0.000     0.000 r  clk (IN)
                         net (fo=0)                   0.000     0.000    clk
    W5                   IBUF (Prop_ibuf_I_O)         1.458     1.458 r  clk_IBUF_inst/O
                         net (fo=1, routed)           1.967     3.425    clk_IBUF
    BUFGCTRL_X0Y0        BUFG (Prop_bufg_I_O)         0.096     3.521 r  clk_IBUF_BUFG_inst/O
                         net (fo=8, routed)           1.630     5.151    clk_IBUF_BUFG
    SLICE_X62Y16         FDCE                                         r  FSM_onehot_estado_atual_reg[2]/C
  -------------------------------------------------------------------    -------------------
    SLICE_X62Y16         FDCE (Prop_fdce_C_Q)         0.456     5.607 r  FSM_onehot_estado_atual_reg[2]/Q
                         net (fo=18, routed)          1.113     6.721    display_OBUF[6]
    SLICE_X62Y16         LUT5 (Prop_lut5_I1_O)        0.124     6.845 r  zona_memoria[4]_i_1/O
                         net (fo=5, routed)           0.484     7.328    zona_memoria
    SLICE_X62Y15         FDCE                                         r  zona_memoria_reg[3]/CE
  -------------------------------------------------------------------    -------------------

                         (clock sys_clk_pin rise edge)
                                                     10.000    10.000 r  
    W5                                                0.000    10.000 r  clk (IN)
                         net (fo=0)                   0.000    10.000    clk
    W5                   IBUF (Prop_ibuf_I_O)         1.388    11.388 r  clk_IBUF_inst/O
                         net (fo=1, routed)           1.862    13.250    clk_IBUF
    BUFGCTRL_X0Y0        BUFG (Prop_bufg_I_O)         0.091    13.341 r  clk_IBUF_BUFG_inst/O
                         net (fo=8, routed)           1.513    14.854    clk_IBUF_BUFG
    SLICE_X62Y15         FDCE                                         r  zona_memoria_reg[3]/C
                         clock pessimism              0.274    15.128    
                         clock uncertainty           -0.035    15.093    
    SLICE_X62Y15         FDCE (Setup_fdce_C_CE)      -0.205    14.888    zona_memoria_reg[3]
  -------------------------------------------------------------------
                         required time                         14.888    
                         arrival time                          -7.328    
  -------------------------------------------------------------------
                         slack                                  7.560    

Slack (MET) :             7.560ns  (required time - arrival time)
  Source:                 FSM_onehot_estado_atual_reg[2]/C
                            (rising edge-triggered cell FDCE clocked by sys_clk_pin  {rise@0.000ns fall@5.000ns period=10.000ns})
  Destination:            zona_memoria_reg[4]/CE
                            (rising edge-triggered cell FDCE clocked by sys_clk_pin  {rise@0.000ns fall@5.000ns period=10.000ns})
  Path Group:             sys_clk_pin
  Path Type:              Setup (Max at Slow Process Corner)
  Requirement:            10.000ns  (sys_clk_pin rise@10.000ns - sys_clk_pin rise@0.000ns)
  Data Path Delay:        2.177ns  (logic 0.580ns (26.641%)  route 1.597ns (73.359%))
  Logic Levels:           1  (LUT5=1)
  Clock Path Skew:        -0.023ns (DCD - SCD + CPR)
    Destination Clock Delay (DCD):    4.854ns = ( 14.854 - 10.000 ) 
    Source Clock Delay      (SCD):    5.151ns
    Clock Pessimism Removal (CPR):    0.274ns
  Clock Uncertainty:      0.035ns  ((TSJ^2 + TIJ^2)^1/2 + DJ) / 2 + PE
    Total System Jitter     (TSJ):    0.071ns
    Total Input Jitter      (TIJ):    0.000ns
    Discrete Jitter          (DJ):    0.000ns
    Phase Error              (PE):    0.000ns

    Location             Delay type                Incr(ns)  Path(ns)    Netlist Resource(s)
  -------------------------------------------------------------------    -------------------
                         (clock sys_clk_pin rise edge)
                                                      0.000     0.000 r  
    W5                                                0.000     0.000 r  clk (IN)
                         net (fo=0)                   0.000     0.000    clk
    W5                   IBUF (Prop_ibuf_I_O)         1.458     1.458 r  clk_IBUF_inst/O
                         net (fo=1, routed)           1.967     3.425    clk_IBUF
    BUFGCTRL_X0Y0        BUFG (Prop_bufg_I_O)         0.096     3.521 r  clk_IBUF_BUFG_inst/O
                         net (fo=8, routed)           1.630     5.151    clk_IBUF_BUFG
    SLICE_X62Y16         FDCE                                         r  FSM_onehot_estado_atual_reg[2]/C
  -------------------------------------------------------------------    -------------------
    SLICE_X62Y16         FDCE (Prop_fdce_C_Q)         0.456     5.607 r  FSM_onehot_estado_atual_reg[2]/Q
                         net (fo=18, routed)          1.113     6.721    display_OBUF[6]
    SLICE_X62Y16         LUT5 (Prop_lut5_I1_O)        0.124     6.845 r  zona_memoria[4]_i_1/O
                         net (fo=5, routed)           0.484     7.328    zona_memoria
    SLICE_X62Y15         FDCE                                         r  zona_memoria_reg[4]/CE
  -------------------------------------------------------------------    -------------------

                         (clock sys_clk_pin rise edge)
                                                     10.000    10.000 r  
    W5                                                0.000    10.000 r  clk (IN)
                         net (fo=0)                   0.000    10.000    clk
    W5                   IBUF (Prop_ibuf_I_O)         1.388    11.388 r  clk_IBUF_inst/O
                         net (fo=1, routed)           1.862    13.250    clk_IBUF
    BUFGCTRL_X0Y0        BUFG (Prop_bufg_I_O)         0.091    13.341 r  clk_IBUF_BUFG_inst/O
                         net (fo=8, routed)           1.513    14.854    clk_IBUF_BUFG
    SLICE_X62Y15         FDCE                                         r  zona_memoria_reg[4]/C
                         clock pessimism              0.274    15.128    
                         clock uncertainty           -0.035    15.093    
    SLICE_X62Y15         FDCE (Setup_fdce_C_CE)      -0.205    14.888    zona_memoria_reg[4]
  -------------------------------------------------------------------
                         required time                         14.888    
                         arrival time                          -7.328    
  -------------------------------------------------------------------
                         slack                                  7.560    

Slack (MET) :             7.974ns  (required time - arrival time)
  Source:                 FSM_onehot_estado_atual_reg[2]/C
                            (rising edge-triggered cell FDCE clocked by sys_clk_pin  {rise@0.000ns fall@5.000ns period=10.000ns})
  Destination:            zona_memoria_reg[2]/D
                            (rising edge-triggered cell FDCE clocked by sys_clk_pin  {rise@0.000ns fall@5.000ns period=10.000ns})
  Path Group:             sys_clk_pin
  Path Type:              Setup (Max at Slow Process Corner)
  Requirement:            10.000ns  (sys_clk_pin rise@10.000ns - sys_clk_pin rise@0.000ns)
  Data Path Delay:        1.983ns  (logic 0.580ns (29.254%)  route 1.403ns (70.746%))
  Logic Levels:           1  (LUT4=1)
  Clock Path Skew:        -0.039ns (DCD - SCD + CPR)
    Destination Clock Delay (DCD):    4.852ns = ( 14.852 - 10.000 ) 
    Source Clock Delay      (SCD):    5.151ns
    Clock Pessimism Removal (CPR):    0.260ns
  Clock Uncertainty:      0.035ns  ((TSJ^2 + TIJ^2)^1/2 + DJ) / 2 + PE
    Total System Jitter     (TSJ):    0.071ns
    Total Input Jitter      (TIJ):    0.000ns
    Discrete Jitter          (DJ):    0.000ns
    Phase Error              (PE):    0.000ns

    Location             Delay type                Incr(ns)  Path(ns)    Netlist Resource(s)
  -------------------------------------------------------------------    -------------------
                         (clock sys_clk_pin rise edge)
                                                      0.000     0.000 r  
    W5                                                0.000     0.000 r  clk (IN)
                         net (fo=0)                   0.000     0.000    clk
    W5                   IBUF (Prop_ibuf_I_O)         1.458     1.458 r  clk_IBUF_inst/O
                         net (fo=1, routed)           1.967     3.425    clk_IBUF
    BUFGCTRL_X0Y0        BUFG (Prop_bufg_I_O)         0.096     3.521 r  clk_IBUF_BUFG_inst/O
                         net (fo=8, routed)           1.630     5.151    clk_IBUF_BUFG
    SLICE_X62Y16         FDCE                                         r  FSM_onehot_estado_atual_reg[2]/C
  -------------------------------------------------------------------    -------------------
    SLICE_X62Y16         FDCE (Prop_fdce_C_Q)         0.456     5.607 r  FSM_onehot_estado_atual_reg[2]/Q
                         net (fo=18, routed)          1.403     7.010    display_OBUF[6]
    SLICE_X61Y16         LUT4 (Prop_lut4_I3_O)        0.124     7.134 r  zona_memoria[2]_i_1/O
                         net (fo=1, routed)           0.000     7.134    zona_memoria[2]_i_1_n_0
    SLICE_X61Y16         FDCE                                         r  zona_memoria_reg[2]/D
  -------------------------------------------------------------------    -------------------

                         (clock sys_clk_pin rise edge)
                                                     10.000    10.000 r  
    W5                                                0.000    10.000 r  clk (IN)
                         net (fo=0)                   0.000    10.000    clk
    W5                   IBUF (Prop_ibuf_I_O)         1.388    11.388 r  clk_IBUF_inst/O
                         net (fo=1, routed)           1.862    13.250    clk_IBUF
    BUFGCTRL_X0Y0        BUFG (Prop_bufg_I_O)         0.091    13.341 r  clk_IBUF_BUFG_inst/O
                         net (fo=8, routed)           1.511    14.852    clk_IBUF_BUFG
    SLICE_X61Y16         FDCE                                         r  zona_memoria_reg[2]/C
                         clock pessimism              0.260    15.112    
                         clock uncertainty           -0.035    15.077    
    SLICE_X61Y16         FDCE (Setup_fdce_C_D)        0.031    15.108    zona_memoria_reg[2]
  -------------------------------------------------------------------
                         required time                         15.108    
                         arrival time                          -7.134    
  -------------------------------------------------------------------
                         slack                                  7.974    

Slack (MET) :             7.974ns  (required time - arrival time)
  Source:                 FSM_onehot_estado_atual_reg[2]/C
                            (rising edge-triggered cell FDCE clocked by sys_clk_pin  {rise@0.000ns fall@5.000ns period=10.000ns})
  Destination:            zona_memoria_reg[1]/D
                            (rising edge-triggered cell FDCE clocked by sys_clk_pin  {rise@0.000ns fall@5.000ns period=10.000ns})
  Path Group:             sys_clk_pin
  Path Type:              Setup (Max at Slow Process Corner)
  Requirement:            10.000ns  (sys_clk_pin rise@10.000ns - sys_clk_pin rise@0.000ns)
  Data Path Delay:        1.981ns  (logic 0.580ns (29.283%)  route 1.401ns (70.717%))
  Logic Levels:           1  (LUT4=1)
  Clock Path Skew:        -0.039ns (DCD - SCD + CPR)
    Destination Clock Delay (DCD):    4.852ns = ( 14.852 - 10.000 ) 
    Source Clock Delay      (SCD):    5.151ns
    Clock Pessimism Removal (CPR):    0.260ns
  Clock Uncertainty:      0.035ns  ((TSJ^2 + TIJ^2)^1/2 + DJ) / 2 + PE
    Total System Jitter     (TSJ):    0.071ns
    Total Input Jitter      (TIJ):    0.000ns
    Discrete Jitter          (DJ):    0.000ns
    Phase Error              (PE):    0.000ns

    Location             Delay type                Incr(ns)  Path(ns)    Netlist Resource(s)
  -------------------------------------------------------------------    -------------------
                         (clock sys_clk_pin rise edge)
                                                      0.000     0.000 r  
    W5                                                0.000     0.000 r  clk (IN)
                         net (fo=0)                   0.000     0.000    clk
    W5                   IBUF (Prop_ibuf_I_O)         1.458     1.458 r  clk_IBUF_inst/O
                         net (fo=1, routed)           1.967     3.425    clk_IBUF
    BUFGCTRL_X0Y0        BUFG (Prop_bufg_I_O)         0.096     3.521 r  clk_IBUF_BUFG_inst/O
                         net (fo=8, routed)           1.630     5.151    clk_IBUF_BUFG
    SLICE_X62Y16         FDCE                                         r  FSM_onehot_estado_atual_reg[2]/C
  -------------------------------------------------------------------    -------------------
    SLICE_X62Y16         FDCE (Prop_fdce_C_Q)         0.456     5.607 r  FSM_onehot_estado_atual_reg[2]/Q
                         net (fo=18, routed)          1.401     7.008    display_OBUF[6]
    SLICE_X61Y16         LUT4 (Prop_lut4_I3_O)        0.124     7.132 r  zona_memoria[1]_i_1/O
                         net (fo=1, routed)           0.000     7.132    zona_memoria[1]_i_1_n_0
    SLICE_X61Y16         FDCE                                         r  zona_memoria_reg[1]/D
  -------------------------------------------------------------------    -------------------

                         (clock sys_clk_pin rise edge)
                                                     10.000    10.000 r  
    W5                                                0.000    10.000 r  clk (IN)
                         net (fo=0)                   0.000    10.000    clk
    W5                   IBUF (Prop_ibuf_I_O)         1.388    11.388 r  clk_IBUF_inst/O
                         net (fo=1, routed)           1.862    13.250    clk_IBUF
    BUFGCTRL_X0Y0        BUFG (Prop_bufg_I_O)         0.091    13.341 r  clk_IBUF_BUFG_inst/O
                         net (fo=8, routed)           1.511    14.852    clk_IBUF_BUFG
    SLICE_X61Y16         FDCE                                         r  zona_memoria_reg[1]/C
                         clock pessimism              0.260    15.112    
                         clock uncertainty           -0.035    15.077    
    SLICE_X61Y16         FDCE (Setup_fdce_C_D)        0.029    15.106    zona_memoria_reg[1]
  -------------------------------------------------------------------
                         required time                         15.106    
                         arrival time                          -7.132    
  -------------------------------------------------------------------
                         slack                                  7.974    

Slack (MET) :             8.445ns  (required time - arrival time)
  Source:                 FSM_onehot_estado_atual_reg[0]/C
                            (rising edge-triggered cell FDPE clocked by sys_clk_pin  {rise@0.000ns fall@5.000ns period=10.000ns})
  Destination:            FSM_onehot_estado_atual_reg[1]/D
                            (rising edge-triggered cell FDCE clocked by sys_clk_pin  {rise@0.000ns fall@5.000ns period=10.000ns})
  Path Group:             sys_clk_pin
  Path Type:              Setup (Max at Slow Process Corner)
  Requirement:            10.000ns  (sys_clk_pin rise@10.000ns - sys_clk_pin rise@0.000ns)
  Data Path Delay:        1.550ns  (logic 0.580ns (37.411%)  route 0.970ns (62.589%))
  Logic Levels:           1  (LUT4=1)
  Clock Path Skew:        0.000ns (DCD - SCD + CPR)
    Destination Clock Delay (DCD):    4.853ns = ( 14.853 - 10.000 ) 
    Source Clock Delay      (SCD):    5.151ns
    Clock Pessimism Removal (CPR):    0.298ns
  Clock Uncertainty:      0.035ns  ((TSJ^2 + TIJ^2)^1/2 + DJ) / 2 + PE
    Total System Jitter     (TSJ):    0.071ns
    Total Input Jitter      (TIJ):    0.000ns
    Discrete Jitter          (DJ):    0.000ns
    Phase Error              (PE):    0.000ns

    Location             Delay type                Incr(ns)  Path(ns)    Netlist Resource(s)
  -------------------------------------------------------------------    -------------------
                         (clock sys_clk_pin rise edge)
                                                      0.000     0.000 r  
    W5                                                0.000     0.000 r  clk (IN)
                         net (fo=0)                   0.000     0.000    clk
    W5                   IBUF (Prop_ibuf_I_O)         1.458     1.458 r  clk_IBUF_inst/O
                         net (fo=1, routed)           1.967     3.425    clk_IBUF
    BUFGCTRL_X0Y0        BUFG (Prop_bufg_I_O)         0.096     3.521 r  clk_IBUF_BUFG_inst/O
                         net (fo=8, routed)           1.630     5.151    clk_IBUF_BUFG
    SLICE_X62Y16         FDPE                                         r  FSM_onehot_estado_atual_reg[0]/C
  -------------------------------------------------------------------    -------------------
    SLICE_X62Y16         FDPE (Prop_fdpe_C_Q)         0.456     5.607 r  FSM_onehot_estado_atual_reg[0]/Q
                         net (fo=5, routed)           0.970     6.578    display_OBUF[5]
    SLICE_X62Y16         LUT4 (Prop_lut4_I3_O)        0.124     6.702 r  FSM_onehot_estado_atual[1]_i_1/O
                         net (fo=1, routed)           0.000     6.702    FSM_onehot_estado_atual[1]_i_1_n_0
    SLICE_X62Y16         FDCE                                         r  FSM_onehot_estado_atual_reg[1]/D
  -------------------------------------------------------------------    -------------------

                         (clock sys_clk_pin rise edge)
                                                     10.000    10.000 r  
    W5                                                0.000    10.000 r  clk (IN)
                         net (fo=0)                   0.000    10.000    clk
    W5                   IBUF (Prop_ibuf_I_O)         1.388    11.388 r  clk_IBUF_inst/O
                         net (fo=1, routed)           1.862    13.250    clk_IBUF
    BUFGCTRL_X0Y0        BUFG (Prop_bufg_I_O)         0.091    13.341 r  clk_IBUF_BUFG_inst/O
                         net (fo=8, routed)           1.512    14.853    clk_IBUF_BUFG
    SLICE_X62Y16         FDCE                                         r  FSM_onehot_estado_atual_reg[1]/C
                         clock pessimism              0.298    15.151    
                         clock uncertainty           -0.035    15.116    
    SLICE_X62Y16         FDCE (Setup_fdce_C_D)        0.031    15.147    FSM_onehot_estado_atual_reg[1]
  -------------------------------------------------------------------
                         required time                         15.147    
                         arrival time                          -6.702    
  -------------------------------------------------------------------
                         slack                                  8.445    

Slack (MET) :             8.475ns  (required time - arrival time)
  Source:                 FSM_onehot_estado_atual_reg[1]/C
                            (rising edge-triggered cell FDCE clocked by sys_clk_pin  {rise@0.000ns fall@5.000ns period=10.000ns})
  Destination:            FSM_onehot_estado_atual_reg[2]/D
                            (rising edge-triggered cell FDCE clocked by sys_clk_pin  {rise@0.000ns fall@5.000ns period=10.000ns})
  Path Group:             sys_clk_pin
  Path Type:              Setup (Max at Slow Process Corner)
  Requirement:            10.000ns  (sys_clk_pin rise@10.000ns - sys_clk_pin rise@0.000ns)
  Data Path Delay:        1.519ns  (logic 0.580ns (38.188%)  route 0.939ns (61.812%))
  Logic Levels:           1  (LUT4=1)
  Clock Path Skew:        0.000ns (DCD - SCD + CPR)
    Destination Clock Delay (DCD):    4.853ns = ( 14.853 - 10.000 ) 
    Source Clock Delay      (SCD):    5.151ns
    Clock Pessimism Removal (CPR):    0.298ns
  Clock Uncertainty:      0.035ns  ((TSJ^2 + TIJ^2)^1/2 + DJ) / 2 + PE
    Total System Jitter     (TSJ):    0.071ns
    Total Input Jitter      (TIJ):    0.000ns
    Discrete Jitter          (DJ):    0.000ns
    Phase Error              (PE):    0.000ns

    Location             Delay type                Incr(ns)  Path(ns)    Netlist Resource(s)
  -------------------------------------------------------------------    -------------------
                         (clock sys_clk_pin rise edge)
                                                      0.000     0.000 r  
    W5                                                0.000     0.000 r  clk (IN)
                         net (fo=0)                   0.000     0.000    clk
    W5                   IBUF (Prop_ibuf_I_O)         1.458     1.458 r  clk_IBUF_inst/O
                         net (fo=1, routed)           1.967     3.425    clk_IBUF
    BUFGCTRL_X0Y0        BUFG (Prop_bufg_I_O)         0.096     3.521 r  clk_IBUF_BUFG_inst/O
                         net (fo=8, routed)           1.630     5.151    clk_IBUF_BUFG
    SLICE_X62Y16         FDCE                                         r  FSM_onehot_estado_atual_reg[1]/C
  -------------------------------------------------------------------    -------------------
    SLICE_X62Y16         FDCE (Prop_fdce_C_Q)         0.456     5.607 r  FSM_onehot_estado_atual_reg[1]/Q
                         net (fo=10, routed)          0.939     6.546    display_OBUF[3]
    SLICE_X62Y16         LUT4 (Prop_lut4_I0_O)        0.124     6.670 r  FSM_onehot_estado_atual[2]_i_1/O
                         net (fo=1, routed)           0.000     6.670    FSM_onehot_estado_atual[2]_i_1_n_0
    SLICE_X62Y16         FDCE                                         r  FSM_onehot_estado_atual_reg[2]/D
  -------------------------------------------------------------------    -------------------

                         (clock sys_clk_pin rise edge)
                                                     10.000    10.000 r  
    W5                                                0.000    10.000 r  clk (IN)
                         net (fo=0)                   0.000    10.000    clk
    W5                   IBUF (Prop_ibuf_I_O)         1.388    11.388 r  clk_IBUF_inst/O
                         net (fo=1, routed)           1.862    13.250    clk_IBUF
    BUFGCTRL_X0Y0        BUFG (Prop_bufg_I_O)         0.091    13.341 r  clk_IBUF_BUFG_inst/O
                         net (fo=8, routed)           1.512    14.853    clk_IBUF_BUFG
    SLICE_X62Y16         FDCE                                         r  FSM_onehot_estado_atual_reg[2]/C
                         clock pessimism              0.298    15.151    
                         clock uncertainty           -0.035    15.116    
    SLICE_X62Y16         FDCE (Setup_fdce_C_D)        0.029    15.145    FSM_onehot_estado_atual_reg[2]
  -------------------------------------------------------------------
                         required time                         15.145    
                         arrival time                          -6.670    
  -------------------------------------------------------------------
                         slack                                  8.475    

Slack (MET) :             8.481ns  (required time - arrival time)
  Source:                 FSM_onehot_estado_atual_reg[2]/C
                            (rising edge-triggered cell FDCE clocked by sys_clk_pin  {rise@0.000ns fall@5.000ns period=10.000ns})
  Destination:            zona_memoria_reg[0]/D
                            (rising edge-triggered cell FDCE clocked by sys_clk_pin  {rise@0.000ns fall@5.000ns period=10.000ns})
  Path Group:             sys_clk_pin
  Path Type:              Setup (Max at Slow Process Corner)
  Requirement:            10.000ns  (sys_clk_pin rise@10.000ns - sys_clk_pin rise@0.000ns)
  Data Path Delay:        1.491ns  (logic 0.580ns (38.887%)  route 0.911ns (61.113%))
  Logic Levels:           1  (LUT4=1)
  Clock Path Skew:        -0.023ns (DCD - SCD + CPR)
    Destination Clock Delay (DCD):    4.854ns = ( 14.854 - 10.000 ) 
    Source Clock Delay      (SCD):    5.151ns
    Clock Pessimism Removal (CPR):    0.274ns
  Clock Uncertainty:      0.035ns  ((TSJ^2 + TIJ^2)^1/2 + DJ) / 2 + PE
    Total System Jitter     (TSJ):    0.071ns
    Total Input Jitter      (TIJ):    0.000ns
    Discrete Jitter          (DJ):    0.000ns
    Phase Error              (PE):    0.000ns

    Location             Delay type                Incr(ns)  Path(ns)    Netlist Resource(s)
  -------------------------------------------------------------------    -------------------
                         (clock sys_clk_pin rise edge)
                                                      0.000     0.000 r  
    W5                                                0.000     0.000 r  clk (IN)
                         net (fo=0)                   0.000     0.000    clk
    W5                   IBUF (Prop_ibuf_I_O)         1.458     1.458 r  clk_IBUF_inst/O
                         net (fo=1, routed)           1.967     3.425    clk_IBUF
    BUFGCTRL_X0Y0        BUFG (Prop_bufg_I_O)         0.096     3.521 r  clk_IBUF_BUFG_inst/O
                         net (fo=8, routed)           1.630     5.151    clk_IBUF_BUFG
    SLICE_X62Y16         FDCE                                         r  FSM_onehot_estado_atual_reg[2]/C
  -------------------------------------------------------------------    -------------------
    SLICE_X62Y16         FDCE (Prop_fdce_C_Q)         0.456     5.607 r  FSM_onehot_estado_atual_reg[2]/Q
                         net (fo=18, routed)          0.911     6.519    display_OBUF[6]
    SLICE_X62Y15         LUT4 (Prop_lut4_I3_O)        0.124     6.643 r  zona_memoria[0]_i_1/O
                         net (fo=1, routed)           0.000     6.643    zona_memoria[0]_i_1_n_0
    SLICE_X62Y15         FDCE                                         r  zona_memoria_reg[0]/D
  -------------------------------------------------------------------    -------------------

                         (clock sys_clk_pin rise edge)
                                                     10.000    10.000 r  
    W5                                                0.000    10.000 r  clk (IN)
                         net (fo=0)                   0.000    10.000    clk
    W5                   IBUF (Prop_ibuf_I_O)         1.388    11.388 r  clk_IBUF_inst/O
                         net (fo=1, routed)           1.862    13.250    clk_IBUF
    BUFGCTRL_X0Y0        BUFG (Prop_bufg_I_O)         0.091    13.341 r  clk_IBUF_BUFG_inst/O
                         net (fo=8, routed)           1.513    14.854    clk_IBUF_BUFG
    SLICE_X62Y15         FDCE                                         r  zona_memoria_reg[0]/C
                         clock pessimism              0.274    15.128    
                         clock uncertainty           -0.035    15.093    
    SLICE_X62Y15         FDCE (Setup_fdce_C_D)        0.031    15.124    zona_memoria_reg[0]
  -------------------------------------------------------------------
                         required time                         15.124    
                         arrival time                          -6.643    
  -------------------------------------------------------------------
                         slack                                  8.481    





Min Delay Paths
--------------------------------------------------------------------------------------
Slack (MET) :             0.271ns  (arrival time - required time)
  Source:                 FSM_onehot_estado_atual_reg[1]/C
                            (rising edge-triggered cell FDCE clocked by sys_clk_pin  {rise@0.000ns fall@5.000ns period=10.000ns})
  Destination:            zona_memoria_reg[4]/D
                            (rising edge-triggered cell FDCE clocked by sys_clk_pin  {rise@0.000ns fall@5.000ns period=10.000ns})
  Path Group:             sys_clk_pin
  Path Type:              Hold (Min at Fast Process Corner)
  Requirement:            0.000ns  (sys_clk_pin rise@0.000ns - sys_clk_pin rise@0.000ns)
  Data Path Delay:        0.378ns  (logic 0.186ns (49.195%)  route 0.192ns (50.805%))
  Logic Levels:           1  (LUT4=1)
  Clock Path Skew:        0.015ns (DCD - SCD - CPR)
    Destination Clock Delay (DCD):    1.987ns
    Source Clock Delay      (SCD):    1.473ns
    Clock Pessimism Removal (CPR):    0.499ns

    Location             Delay type                Incr(ns)  Path(ns)    Netlist Resource(s)
  -------------------------------------------------------------------    -------------------
                         (clock sys_clk_pin rise edge)
                                                      0.000     0.000 r  
    W5                                                0.000     0.000 r  clk (IN)
                         net (fo=0)                   0.000     0.000    clk
    W5                   IBUF (Prop_ibuf_I_O)         0.226     0.226 r  clk_IBUF_inst/O
                         net (fo=1, routed)           0.631     0.858    clk_IBUF
    BUFGCTRL_X0Y0        BUFG (Prop_bufg_I_O)         0.026     0.884 r  clk_IBUF_BUFG_inst/O
                         net (fo=8, routed)           0.590     1.473    clk_IBUF_BUFG
    SLICE_X62Y16         FDCE                                         r  FSM_onehot_estado_atual_reg[1]/C
  -------------------------------------------------------------------    -------------------
    SLICE_X62Y16         FDCE (Prop_fdce_C_Q)         0.141     1.614 r  FSM_onehot_estado_atual_reg[1]/Q
                         net (fo=10, routed)          0.192     1.806    display_OBUF[3]
    SLICE_X62Y15         LUT4 (Prop_lut4_I1_O)        0.045     1.851 r  zona_memoria[4]_i_2/O
                         net (fo=1, routed)           0.000     1.851    zona_memoria[4]_i_2_n_0
    SLICE_X62Y15         FDCE                                         r  zona_memoria_reg[4]/D
  -------------------------------------------------------------------    -------------------

                         (clock sys_clk_pin rise edge)
                                                      0.000     0.000 r  
    W5                                                0.000     0.000 r  clk (IN)
                         net (fo=0)                   0.000     0.000    clk
    W5                   IBUF (Prop_ibuf_I_O)         0.414     0.414 r  clk_IBUF_inst/O
                         net (fo=1, routed)           0.685     1.099    clk_IBUF
    BUFGCTRL_X0Y0        BUFG (Prop_bufg_I_O)         0.029     1.128 r  clk_IBUF_BUFG_inst/O
                         net (fo=8, routed)           0.860     1.987    clk_IBUF_BUFG
    SLICE_X62Y15         FDCE                                         r  zona_memoria_reg[4]/C
                         clock pessimism             -0.499     1.488    
    SLICE_X62Y15         FDCE (Hold_fdce_C_D)         0.092     1.580    zona_memoria_reg[4]
  -------------------------------------------------------------------
                         required time                         -1.580    
                         arrival time                           1.851    
  -------------------------------------------------------------------
                         slack                                  0.271    

Slack (MET) :             0.273ns  (arrival time - required time)
  Source:                 FSM_onehot_estado_atual_reg[1]/C
                            (rising edge-triggered cell FDCE clocked by sys_clk_pin  {rise@0.000ns fall@5.000ns period=10.000ns})
  Destination:            zona_memoria_reg[3]/D
                            (rising edge-triggered cell FDCE clocked by sys_clk_pin  {rise@0.000ns fall@5.000ns period=10.000ns})
  Path Group:             sys_clk_pin
  Path Type:              Hold (Min at Fast Process Corner)
  Requirement:            0.000ns  (sys_clk_pin rise@0.000ns - sys_clk_pin rise@0.000ns)
  Data Path Delay:        0.379ns  (logic 0.186ns (49.065%)  route 0.193ns (50.935%))
  Logic Levels:           1  (LUT4=1)
  Clock Path Skew:        0.015ns (DCD - SCD - CPR)
    Destination Clock Delay (DCD):    1.987ns
    Source Clock Delay      (SCD):    1.473ns
    Clock Pessimism Removal (CPR):    0.499ns

    Location             Delay type                Incr(ns)  Path(ns)    Netlist Resource(s)
  -------------------------------------------------------------------    -------------------
                         (clock sys_clk_pin rise edge)
                                                      0.000     0.000 r  
    W5                                                0.000     0.000 r  clk (IN)
                         net (fo=0)                   0.000     0.000    clk
    W5                   IBUF (Prop_ibuf_I_O)         0.226     0.226 r  clk_IBUF_inst/O
                         net (fo=1, routed)           0.631     0.858    clk_IBUF
    BUFGCTRL_X0Y0        BUFG (Prop_bufg_I_O)         0.026     0.884 r  clk_IBUF_BUFG_inst/O
                         net (fo=8, routed)           0.590     1.473    clk_IBUF_BUFG
    SLICE_X62Y16         FDCE                                         r  FSM_onehot_estado_atual_reg[1]/C
  -------------------------------------------------------------------    -------------------
    SLICE_X62Y16         FDCE (Prop_fdce_C_Q)         0.141     1.614 r  FSM_onehot_estado_atual_reg[1]/Q
                         net (fo=10, routed)          0.193     1.807    display_OBUF[3]
    SLICE_X62Y15         LUT4 (Prop_lut4_I1_O)        0.045     1.852 r  zona_memoria[3]_i_1/O
                         net (fo=1, routed)           0.000     1.852    zona_memoria[3]_i_1_n_0
    SLICE_X62Y15         FDCE                                         r  zona_memoria_reg[3]/D
  -------------------------------------------------------------------    -------------------

                         (clock sys_clk_pin rise edge)
                                                      0.000     0.000 r  
    W5                                                0.000     0.000 r  clk (IN)
                         net (fo=0)                   0.000     0.000    clk
    W5                   IBUF (Prop_ibuf_I_O)         0.414     0.414 r  clk_IBUF_inst/O
                         net (fo=1, routed)           0.685     1.099    clk_IBUF
    BUFGCTRL_X0Y0        BUFG (Prop_bufg_I_O)         0.029     1.128 r  clk_IBUF_BUFG_inst/O
                         net (fo=8, routed)           0.860     1.987    clk_IBUF_BUFG
    SLICE_X62Y15         FDCE                                         r  zona_memoria_reg[3]/C
                         clock pessimism             -0.499     1.488    
    SLICE_X62Y15         FDCE (Hold_fdce_C_D)         0.091     1.579    zona_memoria_reg[3]
  -------------------------------------------------------------------
                         required time                         -1.579    
                         arrival time                           1.852    
  -------------------------------------------------------------------
                         slack                                  0.273    

Slack (MET) :             0.318ns  (arrival time - required time)
  Source:                 FSM_onehot_estado_atual_reg[2]/C
                            (rising edge-triggered cell FDCE clocked by sys_clk_pin  {rise@0.000ns fall@5.000ns period=10.000ns})
  Destination:            FSM_onehot_estado_atual_reg[0]/D
                            (rising edge-triggered cell FDPE clocked by sys_clk_pin  {rise@0.000ns fall@5.000ns period=10.000ns})
  Path Group:             sys_clk_pin
  Path Type:              Hold (Min at Fast Process Corner)
  Requirement:            0.000ns  (sys_clk_pin rise@0.000ns - sys_clk_pin rise@0.000ns)
  Data Path Delay:        0.410ns  (logic 0.186ns (45.408%)  route 0.224ns (54.592%))
  Logic Levels:           1  (LUT4=1)
  Clock Path Skew:        0.000ns (DCD - SCD - CPR)
    Destination Clock Delay (DCD):    1.986ns
    Source Clock Delay      (SCD):    1.473ns
    Clock Pessimism Removal (CPR):    0.513ns

    Location             Delay type                Incr(ns)  Path(ns)    Netlist Resource(s)
  -------------------------------------------------------------------    -------------------
                         (clock sys_clk_pin rise edge)
                                                      0.000     0.000 r  
    W5                                                0.000     0.000 r  clk (IN)
                         net (fo=0)                   0.000     0.000    clk
    W5                   IBUF (Prop_ibuf_I_O)         0.226     0.226 r  clk_IBUF_inst/O
                         net (fo=1, routed)           0.631     0.858    clk_IBUF
    BUFGCTRL_X0Y0        BUFG (Prop_bufg_I_O)         0.026     0.884 r  clk_IBUF_BUFG_inst/O
                         net (fo=8, routed)           0.590     1.473    clk_IBUF_BUFG
    SLICE_X62Y16         FDCE                                         r  FSM_onehot_estado_atual_reg[2]/C
  -------------------------------------------------------------------    -------------------
    SLICE_X62Y16         FDCE (Prop_fdce_C_Q)         0.141     1.614 r  FSM_onehot_estado_atual_reg[2]/Q
                         net (fo=18, routed)          0.224     1.838    display_OBUF[6]
    SLICE_X62Y16         LUT4 (Prop_lut4_I3_O)        0.045     1.883 r  FSM_onehot_estado_atual[0]_i_1/O
                         net (fo=1, routed)           0.000     1.883    FSM_onehot_estado_atual[0]_i_1_n_0
    SLICE_X62Y16         FDPE                                         r  FSM_onehot_estado_atual_reg[0]/D
  -------------------------------------------------------------------    -------------------

                         (clock sys_clk_pin rise edge)
                                                      0.000     0.000 r  
    W5                                                0.000     0.000 r  clk (IN)
                         net (fo=0)                   0.000     0.000    clk
    W5                   IBUF (Prop_ibuf_I_O)         0.414     0.414 r  clk_IBUF_inst/O
                         net (fo=1, routed)           0.685     1.099    clk_IBUF
    BUFGCTRL_X0Y0        BUFG (Prop_bufg_I_O)         0.029     1.128 r  clk_IBUF_BUFG_inst/O
                         net (fo=8, routed)           0.859     1.986    clk_IBUF_BUFG
    SLICE_X62Y16         FDPE                                         r  FSM_onehot_estado_atual_reg[0]/C
                         clock pessimism             -0.513     1.473    
    SLICE_X62Y16         FDPE (Hold_fdpe_C_D)         0.092     1.565    FSM_onehot_estado_atual_reg[0]
  -------------------------------------------------------------------
                         required time                         -1.565    
                         arrival time                           1.883    
  -------------------------------------------------------------------
                         slack                                  0.318    

Slack (MET) :             0.330ns  (arrival time - required time)
  Source:                 FSM_onehot_estado_atual_reg[2]/C
                            (rising edge-triggered cell FDCE clocked by sys_clk_pin  {rise@0.000ns fall@5.000ns period=10.000ns})
  Destination:            FSM_onehot_estado_atual_reg[2]/D
                            (rising edge-triggered cell FDCE clocked by sys_clk_pin  {rise@0.000ns fall@5.000ns period=10.000ns})
  Path Group:             sys_clk_pin
  Path Type:              Hold (Min at Fast Process Corner)
  Requirement:            0.000ns  (sys_clk_pin rise@0.000ns - sys_clk_pin rise@0.000ns)
  Data Path Delay:        0.421ns  (logic 0.186ns (44.229%)  route 0.235ns (55.771%))
  Logic Levels:           1  (LUT4=1)
  Clock Path Skew:        0.000ns (DCD - SCD - CPR)
    Destination Clock Delay (DCD):    1.986ns
    Source Clock Delay      (SCD):    1.473ns
    Clock Pessimism Removal (CPR):    0.513ns

    Location             Delay type                Incr(ns)  Path(ns)    Netlist Resource(s)
  -------------------------------------------------------------------    -------------------
                         (clock sys_clk_pin rise edge)
                                                      0.000     0.000 r  
    W5                                                0.000     0.000 r  clk (IN)
                         net (fo=0)                   0.000     0.000    clk
    W5                   IBUF (Prop_ibuf_I_O)         0.226     0.226 r  clk_IBUF_inst/O
                         net (fo=1, routed)           0.631     0.858    clk_IBUF
    BUFGCTRL_X0Y0        BUFG (Prop_bufg_I_O)         0.026     0.884 r  clk_IBUF_BUFG_inst/O
                         net (fo=8, routed)           0.590     1.473    clk_IBUF_BUFG
    SLICE_X62Y16         FDCE                                         r  FSM_onehot_estado_atual_reg[2]/C
  -------------------------------------------------------------------    -------------------
    SLICE_X62Y16         FDCE (Prop_fdce_C_Q)         0.141     1.614 r  FSM_onehot_estado_atual_reg[2]/Q
                         net (fo=18, routed)          0.235     1.849    display_OBUF[6]
    SLICE_X62Y16         LUT4 (Prop_lut4_I3_O)        0.045     1.894 r  FSM_onehot_estado_atual[2]_i_1/O
                         net (fo=1, routed)           0.000     1.894    FSM_onehot_estado_atual[2]_i_1_n_0
    SLICE_X62Y16         FDCE                                         r  FSM_onehot_estado_atual_reg[2]/D
  -------------------------------------------------------------------    -------------------

                         (clock sys_clk_pin rise edge)
                                                      0.000     0.000 r  
    W5                                                0.000     0.000 r  clk (IN)
                         net (fo=0)                   0.000     0.000    clk
    W5                   IBUF (Prop_ibuf_I_O)         0.414     0.414 r  clk_IBUF_inst/O
                         net (fo=1, routed)           0.685     1.099    clk_IBUF
    BUFGCTRL_X0Y0        BUFG (Prop_bufg_I_O)         0.029     1.128 r  clk_IBUF_BUFG_inst/O
                         net (fo=8, routed)           0.859     1.986    clk_IBUF_BUFG
    SLICE_X62Y16         FDCE                                         r  FSM_onehot_estado_atual_reg[2]/C
                         clock pessimism             -0.513     1.473    
    SLICE_X62Y16         FDCE (Hold_fdce_C_D)         0.091     1.564    FSM_onehot_estado_atual_reg[2]
  -------------------------------------------------------------------
                         required time                         -1.564    
                         arrival time                           1.894    
  -------------------------------------------------------------------
                         slack                                  0.330    

Slack (MET) :             0.385ns  (arrival time - required time)
  Source:                 FSM_onehot_estado_atual_reg[1]/C
                            (rising edge-triggered cell FDCE clocked by sys_clk_pin  {rise@0.000ns fall@5.000ns period=10.000ns})
  Destination:            FSM_onehot_estado_atual_reg[1]/D
                            (rising edge-triggered cell FDCE clocked by sys_clk_pin  {rise@0.000ns fall@5.000ns period=10.000ns})
  Path Group:             sys_clk_pin
  Path Type:              Hold (Min at Fast Process Corner)
  Requirement:            0.000ns  (sys_clk_pin rise@0.000ns - sys_clk_pin rise@0.000ns)
  Data Path Delay:        0.477ns  (logic 0.186ns (38.996%)  route 0.291ns (61.004%))
  Logic Levels:           1  (LUT4=1)
  Clock Path Skew:        0.000ns (DCD - SCD - CPR)
    Destination Clock Delay (DCD):    1.986ns
    Source Clock Delay      (SCD):    1.473ns
    Clock Pessimism Removal (CPR):    0.513ns

    Location             Delay type                Incr(ns)  Path(ns)    Netlist Resource(s)
  -------------------------------------------------------------------    -------------------
                         (clock sys_clk_pin rise edge)
                                                      0.000     0.000 r  
    W5                                                0.000     0.000 r  clk (IN)
                         net (fo=0)                   0.000     0.000    clk
    W5                   IBUF (Prop_ibuf_I_O)         0.226     0.226 r  clk_IBUF_inst/O
                         net (fo=1, routed)           0.631     0.858    clk_IBUF
    BUFGCTRL_X0Y0        BUFG (Prop_bufg_I_O)         0.026     0.884 r  clk_IBUF_BUFG_inst/O
                         net (fo=8, routed)           0.590     1.473    clk_IBUF_BUFG
    SLICE_X62Y16         FDCE                                         r  FSM_onehot_estado_atual_reg[1]/C
  -------------------------------------------------------------------    -------------------
    SLICE_X62Y16         FDCE (Prop_fdce_C_Q)         0.141     1.614 r  FSM_onehot_estado_atual_reg[1]/Q
                         net (fo=10, routed)          0.291     1.905    display_OBUF[3]
    SLICE_X62Y16         LUT4 (Prop_lut4_I1_O)        0.045     1.950 r  FSM_onehot_estado_atual[1]_i_1/O
                         net (fo=1, routed)           0.000     1.950    FSM_onehot_estado_atual[1]_i_1_n_0
    SLICE_X62Y16         FDCE                                         r  FSM_onehot_estado_atual_reg[1]/D
  -------------------------------------------------------------------    -------------------

                         (clock sys_clk_pin rise edge)
                                                      0.000     0.000 r  
    W5                                                0.000     0.000 r  clk (IN)
                         net (fo=0)                   0.000     0.000    clk
    W5                   IBUF (Prop_ibuf_I_O)         0.414     0.414 r  clk_IBUF_inst/O
                         net (fo=1, routed)           0.685     1.099    clk_IBUF
    BUFGCTRL_X0Y0        BUFG (Prop_bufg_I_O)         0.029     1.128 r  clk_IBUF_BUFG_inst/O
                         net (fo=8, routed)           0.859     1.986    clk_IBUF_BUFG
    SLICE_X62Y16         FDCE                                         r  FSM_onehot_estado_atual_reg[1]/C
                         clock pessimism             -0.513     1.473    
    SLICE_X62Y16         FDCE (Hold_fdce_C_D)         0.092     1.565    FSM_onehot_estado_atual_reg[1]
  -------------------------------------------------------------------
                         required time                         -1.565    
                         arrival time                           1.950    
  -------------------------------------------------------------------
                         slack                                  0.385    

Slack (MET) :             0.412ns  (arrival time - required time)
  Source:                 FSM_onehot_estado_atual_reg[1]/C
                            (rising edge-triggered cell FDCE clocked by sys_clk_pin  {rise@0.000ns fall@5.000ns period=10.000ns})
  Destination:            zona_memoria_reg[2]/D
                            (rising edge-triggered cell FDCE clocked by sys_clk_pin  {rise@0.000ns fall@5.000ns period=10.000ns})
  Path Group:             sys_clk_pin
  Path Type:              Hold (Min at Fast Process Corner)
  Requirement:            0.000ns  (sys_clk_pin rise@0.000ns - sys_clk_pin rise@0.000ns)
  Data Path Delay:        0.537ns  (logic 0.186ns (34.656%)  route 0.351ns (65.344%))
  Logic Levels:           1  (LUT4=1)
  Clock Path Skew:        0.033ns (DCD - SCD - CPR)
    Destination Clock Delay (DCD):    1.984ns
    Source Clock Delay      (SCD):    1.473ns
    Clock Pessimism Removal (CPR):    0.478ns

    Location             Delay type                Incr(ns)  Path(ns)    Netlist Resource(s)
  -------------------------------------------------------------------    -------------------
                         (clock sys_clk_pin rise edge)
                                                      0.000     0.000 r  
    W5                                                0.000     0.000 r  clk (IN)
                         net (fo=0)                   0.000     0.000    clk
    W5                   IBUF (Prop_ibuf_I_O)         0.226     0.226 r  clk_IBUF_inst/O
                         net (fo=1, routed)           0.631     0.858    clk_IBUF
    BUFGCTRL_X0Y0        BUFG (Prop_bufg_I_O)         0.026     0.884 r  clk_IBUF_BUFG_inst/O
                         net (fo=8, routed)           0.590     1.473    clk_IBUF_BUFG
    SLICE_X62Y16         FDCE                                         r  FSM_onehot_estado_atual_reg[1]/C
  -------------------------------------------------------------------    -------------------
    SLICE_X62Y16         FDCE (Prop_fdce_C_Q)         0.141     1.614 r  FSM_onehot_estado_atual_reg[1]/Q
                         net (fo=10, routed)          0.351     1.965    display_OBUF[3]
    SLICE_X61Y16         LUT4 (Prop_lut4_I1_O)        0.045     2.010 r  zona_memoria[2]_i_1/O
                         net (fo=1, routed)           0.000     2.010    zona_memoria[2]_i_1_n_0
    SLICE_X61Y16         FDCE                                         r  zona_memoria_reg[2]/D
  -------------------------------------------------------------------    -------------------

                         (clock sys_clk_pin rise edge)
                                                      0.000     0.000 r  
    W5                                                0.000     0.000 r  clk (IN)
                         net (fo=0)                   0.000     0.000    clk
    W5                   IBUF (Prop_ibuf_I_O)         0.414     0.414 r  clk_IBUF_inst/O
                         net (fo=1, routed)           0.685     1.099    clk_IBUF
    BUFGCTRL_X0Y0        BUFG (Prop_bufg_I_O)         0.029     1.128 r  clk_IBUF_BUFG_inst/O
                         net (fo=8, routed)           0.857     1.984    clk_IBUF_BUFG
    SLICE_X61Y16         FDCE                                         r  zona_memoria_reg[2]/C
                         clock pessimism             -0.478     1.506    
    SLICE_X61Y16         FDCE (Hold_fdce_C_D)         0.092     1.598    zona_memoria_reg[2]
  -------------------------------------------------------------------
                         required time                         -1.598    
                         arrival time                           2.010    
  -------------------------------------------------------------------
                         slack                                  0.412    

Slack (MET) :             0.413ns  (arrival time - required time)
  Source:                 FSM_onehot_estado_atual_reg[1]/C
                            (rising edge-triggered cell FDCE clocked by sys_clk_pin  {rise@0.000ns fall@5.000ns period=10.000ns})
  Destination:            zona_memoria_reg[1]/D
                            (rising edge-triggered cell FDCE clocked by sys_clk_pin  {rise@0.000ns fall@5.000ns period=10.000ns})
  Path Group:             sys_clk_pin
  Path Type:              Hold (Min at Fast Process Corner)
  Requirement:            0.000ns  (sys_clk_pin rise@0.000ns - sys_clk_pin rise@0.000ns)
  Data Path Delay:        0.537ns  (logic 0.186ns (34.656%)  route 0.351ns (65.344%))
  Logic Levels:           1  (LUT4=1)
  Clock Path Skew:        0.033ns (DCD - SCD - CPR)
    Destination Clock Delay (DCD):    1.984ns
    Source Clock Delay      (SCD):    1.473ns
    Clock Pessimism Removal (CPR):    0.478ns

    Location             Delay type                Incr(ns)  Path(ns)    Netlist Resource(s)
  -------------------------------------------------------------------    -------------------
                         (clock sys_clk_pin rise edge)
                                                      0.000     0.000 r  
    W5                                                0.000     0.000 r  clk (IN)
                         net (fo=0)                   0.000     0.000    clk
    W5                   IBUF (Prop_ibuf_I_O)         0.226     0.226 r  clk_IBUF_inst/O
                         net (fo=1, routed)           0.631     0.858    clk_IBUF
    BUFGCTRL_X0Y0        BUFG (Prop_bufg_I_O)         0.026     0.884 r  clk_IBUF_BUFG_inst/O
                         net (fo=8, routed)           0.590     1.473    clk_IBUF_BUFG
    SLICE_X62Y16         FDCE                                         r  FSM_onehot_estado_atual_reg[1]/C
  -------------------------------------------------------------------    -------------------
    SLICE_X62Y16         FDCE (Prop_fdce_C_Q)         0.141     1.614 r  FSM_onehot_estado_atual_reg[1]/Q
                         net (fo=10, routed)          0.351     1.965    display_OBUF[3]
    SLICE_X61Y16         LUT4 (Prop_lut4_I1_O)        0.045     2.010 r  zona_memoria[1]_i_1/O
                         net (fo=1, routed)           0.000     2.010    zona_memoria[1]_i_1_n_0
    SLICE_X61Y16         FDCE                                         r  zona_memoria_reg[1]/D
  -------------------------------------------------------------------    -------------------

                         (clock sys_clk_pin rise edge)
                                                      0.000     0.000 r  
    W5                                                0.000     0.000 r  clk (IN)
                         net (fo=0)                   0.000     0.000    clk
    W5                   IBUF (Prop_ibuf_I_O)         0.414     0.414 r  clk_IBUF_inst/O
                         net (fo=1, routed)           0.685     1.099    clk_IBUF
    BUFGCTRL_X0Y0        BUFG (Prop_bufg_I_O)         0.029     1.128 r  clk_IBUF_BUFG_inst/O
                         net (fo=8, routed)           0.857     1.984    clk_IBUF_BUFG
    SLICE_X61Y16         FDCE                                         r  zona_memoria_reg[1]/C
                         clock pessimism             -0.478     1.506    
    SLICE_X61Y16         FDCE (Hold_fdce_C_D)         0.091     1.597    zona_memoria_reg[1]
  -------------------------------------------------------------------
                         required time                         -1.597    
                         arrival time                           2.010    
  -------------------------------------------------------------------
                         slack                                  0.413    

Slack (MET) :             0.441ns  (arrival time - required time)
  Source:                 FSM_onehot_estado_atual_reg[1]/C
                            (rising edge-triggered cell FDCE clocked by sys_clk_pin  {rise@0.000ns fall@5.000ns period=10.000ns})
  Destination:            zona_memoria_reg[0]/D
                            (rising edge-triggered cell FDCE clocked by sys_clk_pin  {rise@0.000ns fall@5.000ns period=10.000ns})
  Path Group:             sys_clk_pin
  Path Type:              Hold (Min at Fast Process Corner)
  Requirement:            0.000ns  (sys_clk_pin rise@0.000ns - sys_clk_pin rise@0.000ns)
  Data Path Delay:        0.548ns  (logic 0.186ns (33.936%)  route 0.362ns (66.064%))
  Logic Levels:           1  (LUT4=1)
  Clock Path Skew:        0.015ns (DCD - SCD - CPR)
    Destination Clock Delay (DCD):    1.987ns
    Source Clock Delay      (SCD):    1.473ns
    Clock Pessimism Removal (CPR):    0.499ns

    Location             Delay type                Incr(ns)  Path(ns)    Netlist Resource(s)
  -------------------------------------------------------------------    -------------------
                         (clock sys_clk_pin rise edge)
                                                      0.000     0.000 r  
    W5                                                0.000     0.000 r  clk (IN)
                         net (fo=0)                   0.000     0.000    clk
    W5                   IBUF (Prop_ibuf_I_O)         0.226     0.226 r  clk_IBUF_inst/O
                         net (fo=1, routed)           0.631     0.858    clk_IBUF
    BUFGCTRL_X0Y0        BUFG (Prop_bufg_I_O)         0.026     0.884 r  clk_IBUF_BUFG_inst/O
                         net (fo=8, routed)           0.590     1.473    clk_IBUF_BUFG
    SLICE_X62Y16         FDCE                                         r  FSM_onehot_estado_atual_reg[1]/C
  -------------------------------------------------------------------    -------------------
    SLICE_X62Y16         FDCE (Prop_fdce_C_Q)         0.141     1.614 r  FSM_onehot_estado_atual_reg[1]/Q
                         net (fo=10, routed)          0.362     1.976    display_OBUF[3]
    SLICE_X62Y15         LUT4 (Prop_lut4_I1_O)        0.045     2.021 r  zona_memoria[0]_i_1/O
                         net (fo=1, routed)           0.000     2.021    zona_memoria[0]_i_1_n_0
    SLICE_X62Y15         FDCE                                         r  zona_memoria_reg[0]/D
  -------------------------------------------------------------------    -------------------

                         (clock sys_clk_pin rise edge)
                                                      0.000     0.000 r  
    W5                                                0.000     0.000 r  clk (IN)
                         net (fo=0)                   0.000     0.000    clk
    W5                   IBUF (Prop_ibuf_I_O)         0.414     0.414 r  clk_IBUF_inst/O
                         net (fo=1, routed)           0.685     1.099    clk_IBUF
    BUFGCTRL_X0Y0        BUFG (Prop_bufg_I_O)         0.029     1.128 r  clk_IBUF_BUFG_inst/O
                         net (fo=8, routed)           0.860     1.987    clk_IBUF_BUFG
    SLICE_X62Y15         FDCE                                         r  zona_memoria_reg[0]/C
                         clock pessimism             -0.499     1.488    
    SLICE_X62Y15         FDCE (Hold_fdce_C_D)         0.092     1.580    zona_memoria_reg[0]
  -------------------------------------------------------------------
                         required time                         -1.580    
                         arrival time                           2.021    
  -------------------------------------------------------------------
                         slack                                  0.441    

Slack (MET) :             0.671ns  (arrival time - required time)
  Source:                 FSM_onehot_estado_atual_reg[1]/C
                            (rising edge-triggered cell FDCE clocked by sys_clk_pin  {rise@0.000ns fall@5.000ns period=10.000ns})
  Destination:            zona_memoria_reg[0]/CE
                            (rising edge-triggered cell FDCE clocked by sys_clk_pin  {rise@0.000ns fall@5.000ns period=10.000ns})
  Path Group:             sys_clk_pin
  Path Type:              Hold (Min at Fast Process Corner)
  Requirement:            0.000ns  (sys_clk_pin rise@0.000ns - sys_clk_pin rise@0.000ns)
  Data Path Delay:        0.647ns  (logic 0.186ns (28.738%)  route 0.461ns (71.262%))
  Logic Levels:           1  (LUT5=1)
  Clock Path Skew:        0.015ns (DCD - SCD - CPR)
    Destination Clock Delay (DCD):    1.987ns
    Source Clock Delay      (SCD):    1.473ns
    Clock Pessimism Removal (CPR):    0.499ns

    Location             Delay type                Incr(ns)  Path(ns)    Netlist Resource(s)
  -------------------------------------------------------------------    -------------------
                         (clock sys_clk_pin rise edge)
                                                      0.000     0.000 r  
    W5                                                0.000     0.000 r  clk (IN)
                         net (fo=0)                   0.000     0.000    clk
    W5                   IBUF (Prop_ibuf_I_O)         0.226     0.226 r  clk_IBUF_inst/O
                         net (fo=1, routed)           0.631     0.858    clk_IBUF
    BUFGCTRL_X0Y0        BUFG (Prop_bufg_I_O)         0.026     0.884 r  clk_IBUF_BUFG_inst/O
                         net (fo=8, routed)           0.590     1.473    clk_IBUF_BUFG
    SLICE_X62Y16         FDCE                                         r  FSM_onehot_estado_atual_reg[1]/C
  -------------------------------------------------------------------    -------------------
    SLICE_X62Y16         FDCE (Prop_fdce_C_Q)         0.141     1.614 r  FSM_onehot_estado_atual_reg[1]/Q
                         net (fo=10, routed)          0.284     1.898    display_OBUF[3]
    SLICE_X62Y16         LUT5 (Prop_lut5_I3_O)        0.045     1.943 r  zona_memoria[4]_i_1/O
                         net (fo=5, routed)           0.178     2.120    zona_memoria
    SLICE_X62Y15         FDCE                                         r  zona_memoria_reg[0]/CE
  -------------------------------------------------------------------    -------------------

                         (clock sys_clk_pin rise edge)
                                                      0.000     0.000 r  
    W5                                                0.000     0.000 r  clk (IN)
                         net (fo=0)                   0.000     0.000    clk
    W5                   IBUF (Prop_ibuf_I_O)         0.414     0.414 r  clk_IBUF_inst/O
                         net (fo=1, routed)           0.685     1.099    clk_IBUF
    BUFGCTRL_X0Y0        BUFG (Prop_bufg_I_O)         0.029     1.128 r  clk_IBUF_BUFG_inst/O
                         net (fo=8, routed)           0.860     1.987    clk_IBUF_BUFG
    SLICE_X62Y15         FDCE                                         r  zona_memoria_reg[0]/C
                         clock pessimism             -0.499     1.488    
    SLICE_X62Y15         FDCE (Hold_fdce_C_CE)       -0.039     1.449    zona_memoria_reg[0]
  -------------------------------------------------------------------
                         required time                         -1.449    
                         arrival time                           2.120    
  -------------------------------------------------------------------
                         slack                                  0.671    

Slack (MET) :             0.671ns  (arrival time - required time)
  Source:                 FSM_onehot_estado_atual_reg[1]/C
                            (rising edge-triggered cell FDCE clocked by sys_clk_pin  {rise@0.000ns fall@5.000ns period=10.000ns})
  Destination:            zona_memoria_reg[3]/CE
                            (rising edge-triggered cell FDCE clocked by sys_clk_pin  {rise@0.000ns fall@5.000ns period=10.000ns})
  Path Group:             sys_clk_pin
  Path Type:              Hold (Min at Fast Process Corner)
  Requirement:            0.000ns  (sys_clk_pin rise@0.000ns - sys_clk_pin rise@0.000ns)
  Data Path Delay:        0.647ns  (logic 0.186ns (28.738%)  route 0.461ns (71.262%))
  Logic Levels:           1  (LUT5=1)
  Clock Path Skew:        0.015ns (DCD - SCD - CPR)
    Destination Clock Delay (DCD):    1.987ns
    Source Clock Delay      (SCD):    1.473ns
    Clock Pessimism Removal (CPR):    0.499ns

    Location             Delay type                Incr(ns)  Path(ns)    Netlist Resource(s)
  -------------------------------------------------------------------    -------------------
                         (clock sys_clk_pin rise edge)
                                                      0.000     0.000 r  
    W5                                                0.000     0.000 r  clk (IN)
                         net (fo=0)                   0.000     0.000    clk
    W5                   IBUF (Prop_ibuf_I_O)         0.226     0.226 r  clk_IBUF_inst/O
                         net (fo=1, routed)           0.631     0.858    clk_IBUF
    BUFGCTRL_X0Y0        BUFG (Prop_bufg_I_O)         0.026     0.884 r  clk_IBUF_BUFG_inst/O
                         net (fo=8, routed)           0.590     1.473    clk_IBUF_BUFG
    SLICE_X62Y16         FDCE                                         r  FSM_onehot_estado_atual_reg[1]/C
  -------------------------------------------------------------------    -------------------
    SLICE_X62Y16         FDCE (Prop_fdce_C_Q)         0.141     1.614 r  FSM_onehot_estado_atual_reg[1]/Q
                         net (fo=10, routed)          0.284     1.898    display_OBUF[3]
    SLICE_X62Y16         LUT5 (Prop_lut5_I3_O)        0.045     1.943 r  zona_memoria[4]_i_1/O
                         net (fo=5, routed)           0.178     2.120    zona_memoria
    SLICE_X62Y15         FDCE                                         r  zona_memoria_reg[3]/CE
  -------------------------------------------------------------------    -------------------

                         (clock sys_clk_pin rise edge)
                                                      0.000     0.000 r  
    W5                                                0.000     0.000 r  clk (IN)
                         net (fo=0)                   0.000     0.000    clk
    W5                   IBUF (Prop_ibuf_I_O)         0.414     0.414 r  clk_IBUF_inst/O
                         net (fo=1, routed)           0.685     1.099    clk_IBUF
    BUFGCTRL_X0Y0        BUFG (Prop_bufg_I_O)         0.029     1.128 r  clk_IBUF_BUFG_inst/O
                         net (fo=8, routed)           0.860     1.987    clk_IBUF_BUFG
    SLICE_X62Y15         FDCE                                         r  zona_memoria_reg[3]/C
                         clock pessimism             -0.499     1.488    
    SLICE_X62Y15         FDCE (Hold_fdce_C_CE)       -0.039     1.449    zona_memoria_reg[3]
  -------------------------------------------------------------------
                         required time                         -1.449    
                         arrival time                           2.120    
  -------------------------------------------------------------------
                         slack                                  0.671    





Pulse Width Checks
--------------------------------------------------------------------------------------
Clock Name:         sys_clk_pin
Waveform(ns):       { 0.000 5.000 }
Period(ns):         10.000
Sources:            { clk }

Check Type        Corner  Lib Pin  Reference Pin  Required(ns)  Actual(ns)  Slack(ns)  Location       Pin
Min Period        n/a     BUFG/I   n/a            2.155         10.000      7.845      BUFGCTRL_X0Y0  clk_IBUF_BUFG_inst/I
Min Period        n/a     FDPE/C   n/a            1.000         10.000      9.000      SLICE_X62Y16   FSM_onehot_estado_atual_reg[0]/C
Min Period        n/a     FDCE/C   n/a            1.000         10.000      9.000      SLICE_X62Y16   FSM_onehot_estado_atual_reg[1]/C
Min Period        n/a     FDCE/C   n/a            1.000         10.000      9.000      SLICE_X62Y16   FSM_onehot_estado_atual_reg[2]/C
Min Period        n/a     FDCE/C   n/a            1.000         10.000      9.000      SLICE_X62Y15   zona_memoria_reg[0]/C
Min Period        n/a     FDCE/C   n/a            1.000         10.000      9.000      SLICE_X61Y16   zona_memoria_reg[1]/C
Min Period        n/a     FDCE/C   n/a            1.000         10.000      9.000      SLICE_X61Y16   zona_memoria_reg[2]/C
Min Period        n/a     FDCE/C   n/a            1.000         10.000      9.000      SLICE_X62Y15   zona_memoria_reg[3]/C
Min Period        n/a     FDCE/C   n/a            1.000         10.000      9.000      SLICE_X62Y15   zona_memoria_reg[4]/C
Low Pulse Width   Fast    FDPE/C   n/a            0.500         5.000       4.500      SLICE_X62Y16   FSM_onehot_estado_atual_reg[0]/C
Low Pulse Width   Fast    FDCE/C   n/a            0.500         5.000       4.500      SLICE_X62Y16   FSM_onehot_estado_atual_reg[1]/C
Low Pulse Width   Fast    FDCE/C   n/a            0.500         5.000       4.500      SLICE_X62Y16   FSM_onehot_estado_atual_reg[2]/C
Low Pulse Width   Fast    FDCE/C   n/a            0.500         5.000       4.500      SLICE_X62Y15   zona_memoria_reg[0]/C
Low Pulse Width   Fast    FDCE/C   n/a            0.500         5.000       4.500      SLICE_X61Y16   zona_memoria_reg[1]/C
Low Pulse Width   Fast    FDCE/C   n/a            0.500         5.000       4.500      SLICE_X61Y16   zona_memoria_reg[2]/C
Low Pulse Width   Fast    FDCE/C   n/a            0.500         5.000       4.500      SLICE_X62Y15   zona_memoria_reg[3]/C
Low Pulse Width   Fast    FDCE/C   n/a            0.500         5.000       4.500      SLICE_X62Y15   zona_memoria_reg[4]/C
Low Pulse Width   Slow    FDPE/C   n/a            0.500         5.000       4.500      SLICE_X62Y16   FSM_onehot_estado_atual_reg[0]/C
Low Pulse Width   Slow    FDCE/C   n/a            0.500         5.000       4.500      SLICE_X62Y16   FSM_onehot_estado_atual_reg[1]/C
High Pulse Width  Slow    FDPE/C   n/a            0.500         5.000       4.500      SLICE_X62Y16   FSM_onehot_estado_atual_reg[0]/C
High Pulse Width  Fast    FDPE/C   n/a            0.500         5.000       4.500      SLICE_X62Y16   FSM_onehot_estado_atual_reg[0]/C
High Pulse Width  Slow    FDCE/C   n/a            0.500         5.000       4.500      SLICE_X62Y16   FSM_onehot_estado_atual_reg[1]/C
High Pulse Width  Fast    FDCE/C   n/a            0.500         5.000       4.500      SLICE_X62Y16   FSM_onehot_estado_atual_reg[1]/C
High Pulse Width  Slow    FDCE/C   n/a            0.500         5.000       4.500      SLICE_X62Y16   FSM_onehot_estado_atual_reg[2]/C
High Pulse Width  Fast    FDCE/C   n/a            0.500         5.000       4.500      SLICE_X62Y16   FSM_onehot_estado_atual_reg[2]/C
High Pulse Width  Slow    FDCE/C   n/a            0.500         5.000       4.500      SLICE_X62Y15   zona_memoria_reg[0]/C
High Pulse Width  Slow    FDCE/C   n/a            0.500         5.000       4.500      SLICE_X61Y16   zona_memoria_reg[1]/C
High Pulse Width  Slow    FDCE/C   n/a            0.500         5.000       4.500      SLICE_X61Y16   zona_memoria_reg[2]/C
High Pulse Width  Slow    FDCE/C   n/a            0.500         5.000       4.500      SLICE_X62Y15   zona_memoria_reg[3]/C



